ft_memset:     [OK] [OK] [OK] [OK] [OK] [OK] [OK] 
ft_bzero:      [OK] [OK] [OK] [OK] 
ft_memcpy:     [OK] [OK] [OK] [OK] [OK] [OK] [OK] [OK] [OK] [OK] [OK] 
ft_memmove:    [OK] [OK] [OK] [OK] [OK] [OK] [OK] [OK] [OK] [OK] [OK] [OK] [OK] [OK] 
ft_memchr:     [OK] [OK] [OK] [OK] [OK] [OK] [OK] [OK] 
ft_memcmp:     [OK] [OK] [OK] [OK] [OK] [OK] [OK] [OK] [OK] [OK] 
ft_strlen:     [OK] [OK] [OK] [OK] [OK] [OK] [OK] [OK] [OK] 
ft_isalpha:    [OK] 
ft_isdigit:    [OK] 
ft_isalnum:    [OK] 
ft_isascii:    [OK] 
ft_isprint:    [OK] 
ft_toupper:    [OK] 
ft_tolower:    [OK] 
ft_strchr:     [OK] [OK] [OK] [OK] [OK] [OK] [OK] [OK] [OK] [OK] 
ft_strrchr:    [OK] [OK] [OK] [OK] [OK] [OK] [OK] [OK] 
ft_strncmp:    [OK] [OK] [OK] [OK] [OK] [OK] [OK] [OK] [OK] [OK] [OK] [OK] [OK] [OK] 
ft_strlcpy:    [OK] [OK] [OK] [OK] [OK] [OK] [OK] 
ft_strlcat:    [OK] [OK] [OK] [OK] [OK] [OK] [OK] [OK] [OK] [OK] [OK] [OK] [CRASH] 
[crash]: your strlcat crush when null parameter is sent with a size of 0
Test code:
	char b[0xF] = "nyan !";

	ft_strlcat(((void*)0), b, 0);
	exit(TEST_SUCCESS);


ft_strnstr:    [OK] [OK] [OK] [OK] [OK] [OK] [OK] [OK] [OK] [OK] [OK] [OK] [OK] [OK] [OK] 
ft_atoi:       [OK] [OK] [OK] [OK] [OK] [OK] [OK] [OK] [OK] [OK] [OK] [OK] [OK] [OK] [OK] [NO CRASH] 
[no crash]: your atoi does not work with the plus sign and spaces
Test code:
	ft_atoi(((void*)0));


ft_calloc:     [OK] [OK] [OK] [OK] [OK] 
ft_strdup:     [OK] [OK] [OK] [OK] [OK] [OK] [OK] 
ft_substr:     [OK] [OK] [OK] [OK] [OK] [OK] [OK] [OK] {protected}[OK] 
ft_strjoin:    [OK] [OK] [OK] [OK] [OK] {protected}
ft_strtrim:    [OK] [OK] [OK] [OK] [OK] [OK] [OK] [OK] [OK] {protected}
ft_split:      [OK] [OK] [OK] [OK] [OK] [OK] [OK] [OK] [OK] [OK] {not protected}
ft_itoa:       [OK] [OK] [OK] [OK] [OK] [OK] [OK] [OK] [OK] 
ft_strmapi:    [OK] [OK] [OK] [OK] [OK] {protected}
ft_putchar_fd: [OK] [OK] 
ft_putstr_fd:  [OK] [OK] {not protected}
ft_putendl_fd: [OK] [OK] {not protected}
ft_putnbr_fd:  [OK] [OK] [OK] [OK] [OK] 
ft_lstnew:     [MISSING]
ft_lstadd_front: [MISSING]
ft_lstsize:    [MISSING]
ft_lstlast:    [MISSING]
ft_lstadd_back:[MISSING]
ft_lstdelone:  [MISSING]
ft_lstclear:   [MISSING]
ft_lstiter:    [MISSING]
ft_lstmap:     [MISSING]
ft_striteri:   [OK] [OK] {protected}
